{"meta": {"format": 3, "version": "7.9.2", "timestamp": "2025-07-12T16:20:05.944400", "branch_coverage": false, "show_contexts": false}, "files": {"src/main.py": {"executed_lines": [], "summary": {"covered_lines": 0, "num_statements": 3, "percent_covered": 0.0, "percent_covered_display": "0", "missing_lines": 3, "excluded_lines": 0}, "missing_lines": [4, 6, 7], "excluded_lines": [], "functions": {"": {"executed_lines": [], "summary": {"covered_lines": 0, "num_statements": 3, "percent_covered": 0.0, "percent_covered_display": "0", "missing_lines": 3, "excluded_lines": 0}, "missing_lines": [4, 6, 7], "excluded_lines": []}}, "classes": {"": {"executed_lines": [], "summary": {"covered_lines": 0, "num_statements": 3, "percent_covered": 0.0, "percent_covered_display": "0", "missing_lines": 3, "excluded_lines": 0}, "missing_lines": [4, 6, 7], "excluded_lines": []}}}, "src/othello/__init__.py": {"executed_lines": [1], "summary": {"covered_lines": 0, "num_statements": 0, "percent_covered": 100.0, "percent_covered_display": "100", "missing_lines": 0, "excluded_lines": 0}, "missing_lines": [], "excluded_lines": [], "functions": {"": {"executed_lines": [1], "summary": {"covered_lines": 0, "num_statements": 0, "percent_covered": 100.0, "percent_covered_display": "100", "missing_lines": 0, "excluded_lines": 0}, "missing_lines": [], "excluded_lines": []}}, "classes": {"": {"executed_lines": [1], "summary": {"covered_lines": 0, "num_statements": 0, "percent_covered": 100.0, "percent_covered_display": "100", "missing_lines": 0, "excluded_lines": 0}, "missing_lines": [], "excluded_lines": []}}}, "src/othello/ai.py": {"executed_lines": [1, 2, 3, 4, 7, 8, 11, 14, 15, 16, 17, 20, 25, 37, 40, 41, 42, 43, 44, 45, 46, 48, 49, 50, 51, 52, 53, 55, 58, 61, 62, 63, 64, 65, 66, 67, 70, 79, 80, 81, 82, 86, 87, 88, 89, 90, 91, 92, 94, 95, 96, 97, 98, 99, 100, 101, 102, 103, 104, 105, 107, 108, 110, 111, 112, 113, 114, 115, 116, 117, 118, 120, 121, 122, 123, 125, 126, 128], "summary": {"covered_lines": 78, "num_statements": 84, "percent_covered": 92.85714285714286, "percent_covered_display": "93", "missing_lines": 6, "excluded_lines": 0}, "missing_lines": [18, 19, 83, 106, 119, 124], "excluded_lines": [], "functions": {"_load_opening_book": {"executed_lines": [14, 15, 16, 17, 20], "summary": {"covered_lines": 5, "num_statements": 7, "percent_covered": 71.42857142857143, "percent_covered_display": "71", "missing_lines": 2, "excluded_lines": 0}, "missing_lines": [18, 19], "excluded_lines": []}, "_evaluate": {"executed_lines": [40, 41, 42, 43, 44, 45, 46, 48, 49, 50, 51, 52, 53, 55], "summary": {"covered_lines": 14, "num_statements": 14, "percent_covered": 100.0, "percent_covered_display": "100", "missing_lines": 0, "excluded_lines": 0}, "missing_lines": [], "excluded_lines": []}, "_random_move": {"executed_lines": [61, 62, 63, 64, 65, 66, 67], "summary": {"covered_lines": 7, "num_statements": 7, "percent_covered": 100.0, "percent_covered_display": "100", "missing_lines": 0, "excluded_lines": 0}, "missing_lines": [], "excluded_lines": []}, "choose_move": {"executed_lines": [79, 80, 81, 82, 86, 87, 88, 89, 90, 91, 92, 94, 95, 96, 97, 98, 99, 100, 101, 102, 103, 104, 105, 107, 108, 110, 111, 112, 113, 114, 115, 116, 117, 118, 120, 121, 122, 123, 125, 126, 128], "summary": {"covered_lines": 41, "num_statements": 45, "percent_covered": 91.11111111111111, "percent_covered_display": "91", "missing_lines": 4, "excluded_lines": 0}, "missing_lines": [83, 106, 119, 124], "excluded_lines": []}, "": {"executed_lines": [1, 2, 3, 4, 7, 8, 11, 25, 37, 58, 70], "summary": {"covered_lines": 11, "num_statements": 11, "percent_covered": 100.0, "percent_covered_display": "100", "missing_lines": 0, "excluded_lines": 0}, "missing_lines": [], "excluded_lines": []}}, "classes": {"": {"executed_lines": [1, 2, 3, 4, 7, 8, 11, 14, 15, 16, 17, 20, 25, 37, 40, 41, 42, 43, 44, 45, 46, 48, 49, 50, 51, 52, 53, 55, 58, 61, 62, 63, 64, 65, 66, 67, 70, 79, 80, 81, 82, 86, 87, 88, 89, 90, 91, 92, 94, 95, 96, 97, 98, 99, 100, 101, 102, 103, 104, 105, 107, 108, 110, 111, 112, 113, 114, 115, 116, 117, 118, 120, 121, 122, 123, 125, 126, 128], "summary": {"covered_lines": 78, "num_statements": 84, "percent_covered": 92.85714285714286, "percent_covered_display": "93", "missing_lines": 6, "excluded_lines": 0}, "missing_lines": [18, 19, 83, 106, 119, 124], "excluded_lines": []}}}, "src/othello/board.py": {"executed_lines": [1, 3, 4, 8, 11, 14, 15, 18, 28, 29, 31, 32, 33, 35, 36, 37, 39, 40, 42, 43, 44, 45, 47, 48, 49, 51, 52, 55, 56, 57, 59, 61, 62, 64, 65, 66, 67, 68, 69, 70, 71, 72, 73, 74, 76, 78, 80, 82, 83, 85, 86, 87, 88, 89, 90, 91, 93, 96, 99, 100, 101, 102, 104, 105, 106, 107, 108, 109, 111, 121, 122, 123, 125, 126, 128, 130, 131, 132, 133, 134, 135, 136, 137, 138, 139, 140, 141, 142, 143, 144, 145, 147, 149, 150, 151, 152, 153, 154, 155, 156, 157, 158, 160, 162, 163, 164, 165, 166, 167, 168, 169, 170, 172, 174, 176, 177, 178, 179, 180, 181, 182, 183, 185, 186, 187, 188, 191, 193, 194, 195, 196, 197], "summary": {"covered_lines": 130, "num_statements": 133, "percent_covered": 97.74436090225564, "percent_covered_display": "98", "missing_lines": 3, "excluded_lines": 0}, "missing_lines": [58, 94, 97], "excluded_lines": [], "functions": {"BitBoard.initial": {"executed_lines": [42, 43, 44, 47, 48, 49], "summary": {"covered_lines": 6, "num_statements": 6, "percent_covered": 100.0, "percent_covered_display": "100", "missing_lines": 0, "excluded_lines": 0}, "missing_lines": [], "excluded_lines": []}, "BitBoard.initial.pos": {"executed_lines": [45], "summary": {"covered_lines": 1, "num_statements": 1, "percent_covered": 100.0, "percent_covered_display": "100", "missing_lines": 0, "excluded_lines": 0}, "missing_lines": [], "excluded_lines": []}, "BitBoard.from_ascii": {"executed_lines": [55, 56, 57, 59, 61, 64, 65, 66, 67, 68, 69, 70, 71, 72, 73, 74], "summary": {"covered_lines": 16, "num_statements": 17, "percent_covered": 94.11764705882354, "percent_covered_display": "94", "missing_lines": 1, "excluded_lines": 0}, "missing_lines": [58], "excluded_lines": []}, "BitBoard.from_ascii.pos": {"executed_lines": [62], "summary": {"covered_lines": 1, "num_statements": 1, "percent_covered": 100.0, "percent_covered_display": "100", "missing_lines": 0, "excluded_lines": 0}, "missing_lines": [], "excluded_lines": []}, "BitBoard.occupied": {"executed_lines": [78], "summary": {"covered_lines": 1, "num_statements": 1, "percent_covered": 100.0, "percent_covered_display": "100", "missing_lines": 0, "excluded_lines": 0}, "missing_lines": [], "excluded_lines": []}, "BitBoard.empty": {"executed_lines": [82, 83], "summary": {"covered_lines": 2, "num_statements": 2, "percent_covered": 100.0, "percent_covered_display": "100", "missing_lines": 0, "excluded_lines": 0}, "missing_lines": [], "excluded_lines": []}, "BitBoard._file_mask": {"executed_lines": [87, 88, 89, 90, 91], "summary": {"covered_lines": 5, "num_statements": 5, "percent_covered": 100.0, "percent_covered_display": "100", "missing_lines": 0, "excluded_lines": 0}, "missing_lines": [], "excluded_lines": []}, "BitBoard._a_file_mask": {"executed_lines": [], "summary": {"covered_lines": 0, "num_statements": 1, "percent_covered": 0.0, "percent_covered_display": "0", "missing_lines": 1, "excluded_lines": 0}, "missing_lines": [94], "excluded_lines": []}, "BitBoard._h_file_mask": {"executed_lines": [], "summary": {"covered_lines": 0, "num_statements": 1, "percent_covered": 0.0, "percent_covered_display": "0", "missing_lines": 1, "excluded_lines": 0}, "missing_lines": [97], "excluded_lines": []}, "BitBoard._shift": {"executed_lines": [101, 102, 104, 105, 106, 107, 108, 109, 111, 121, 122, 123, 125, 126], "summary": {"covered_lines": 14, "num_statements": 14, "percent_covered": 100.0, "percent_covered_display": "100", "missing_lines": 0, "excluded_lines": 0}, "missing_lines": [], "excluded_lines": []}, "BitBoard.legal_moves": {"executed_lines": [130, 131, 132, 133, 134, 135, 136, 137, 138, 139, 140, 141, 142, 143, 144, 145], "summary": {"covered_lines": 16, "num_statements": 16, "percent_covered": 100.0, "percent_covered_display": "100", "missing_lines": 0, "excluded_lines": 0}, "missing_lines": [], "excluded_lines": []}, "BitBoard.flips": {"executed_lines": [149, 150, 151, 152, 153, 154, 155, 156, 157, 158], "summary": {"covered_lines": 10, "num_statements": 10, "percent_covered": 100.0, "percent_covered_display": "100", "missing_lines": 0, "excluded_lines": 0}, "missing_lines": [], "excluded_lines": []}, "BitBoard.apply_move": {"executed_lines": [162, 163, 164, 165, 166, 167, 168, 169, 170, 172], "summary": {"covered_lines": 10, "num_statements": 10, "percent_covered": 100.0, "percent_covered_display": "100", "missing_lines": 0, "excluded_lines": 0}, "missing_lines": [], "excluded_lines": []}, "BitBoard.__str__": {"executed_lines": [176, 177, 178, 179, 180, 181, 182, 183, 185, 186, 187, 188], "summary": {"covered_lines": 12, "num_statements": 12, "percent_covered": 100.0, "percent_covered_display": "100", "missing_lines": 0, "excluded_lines": 0}, "missing_lines": [], "excluded_lines": []}, "parse_move": {"executed_lines": [193, 194, 195, 196, 197], "summary": {"covered_lines": 5, "num_statements": 5, "percent_covered": 100.0, "percent_covered_display": "100", "missing_lines": 0, "excluded_lines": 0}, "missing_lines": [], "excluded_lines": []}, "": {"executed_lines": [1, 3, 4, 8, 11, 14, 15, 18, 28, 29, 31, 32, 33, 35, 36, 37, 39, 40, 51, 52, 76, 80, 85, 86, 93, 96, 99, 100, 128, 147, 160, 174, 191], "summary": {"covered_lines": 31, "num_statements": 31, "percent_covered": 100.0, "percent_covered_display": "100", "missing_lines": 0, "excluded_lines": 0}, "missing_lines": [], "excluded_lines": []}}, "classes": {"BitBoard": {"executed_lines": [42, 43, 44, 45, 47, 48, 49, 55, 56, 57, 59, 61, 62, 64, 65, 66, 67, 68, 69, 70, 71, 72, 73, 74, 78, 82, 83, 87, 88, 89, 90, 91, 101, 102, 104, 105, 106, 107, 108, 109, 111, 121, 122, 123, 125, 126, 130, 131, 132, 133, 134, 135, 136, 137, 138, 139, 140, 141, 142, 143, 144, 145, 149, 150, 151, 152, 153, 154, 155, 156, 157, 158, 162, 163, 164, 165, 166, 167, 168, 169, 170, 172, 176, 177, 178, 179, 180, 181, 182, 183, 185, 186, 187, 188], "summary": {"covered_lines": 94, "num_statements": 97, "percent_covered": 96.90721649484536, "percent_covered_display": "97", "missing_lines": 3, "excluded_lines": 0}, "missing_lines": [58, 94, 97], "excluded_lines": []}, "": {"executed_lines": [1, 3, 4, 8, 11, 14, 15, 18, 28, 29, 31, 32, 33, 35, 36, 37, 39, 40, 51, 52, 76, 80, 85, 86, 93, 96, 99, 100, 128, 147, 160, 174, 191, 193, 194, 195, 196, 197], "summary": {"covered_lines": 36, "num_statements": 36, "percent_covered": 100.0, "percent_covered_display": "100", "missing_lines": 0, "excluded_lines": 0}, "missing_lines": [], "excluded_lines": []}}}, "src/othello/cli.py": {"executed_lines": [1, 3, 4, 5, 6, 7, 8, 9, 10, 15, 29, 30, 31, 32, 33, 34, 36, 37, 38, 46, 47, 48, 49, 50, 51, 52, 53, 54, 55, 56, 57, 58, 59, 61, 62, 63, 65, 66, 67, 76, 77, 79, 127, 128, 129, 130, 131, 132, 133, 136, 164, 239, 282], "summary": {"covered_lines": 52, "num_statements": 200, "percent_covered": 26.0, "percent_covered_display": "26", "missing_lines": 148, "excluded_lines": 0}, "missing_lines": [39, 40, 41, 42, 43, 44, 60, 64, 68, 69, 70, 71, 72, 73, 74, 75, 78, 80, 83, 84, 85, 86, 87, 88, 89, 90, 91, 92, 93, 94, 95, 96, 97, 98, 99, 100, 101, 102, 103, 104, 105, 106, 107, 108, 109, 110, 111, 112, 113, 114, 115, 116, 117, 118, 119, 120, 121, 122, 123, 124, 125, 126, 138, 139, 142, 143, 144, 146, 149, 150, 153, 154, 155, 156, 157, 158, 159, 160, 161, 174, 175, 176, 177, 178, 179, 180, 181, 182, 183, 184, 185, 186, 187, 189, 191, 192, 193, 194, 195, 197, 198, 199, 200, 201, 202, 203, 204, 206, 207, 208, 209, 210, 211, 212, 213, 214, 215, 216, 217, 218, 219, 220, 222, 223, 224, 225, 226, 227, 228, 230, 231, 232, 233, 234, 235, 236, 241, 242, 245, 250, 256, 261, 267, 268, 269, 270, 271, 273], "excluded_lines": [], "functions": {"run_game": {"executed_lines": [29, 30, 31, 32, 33, 34, 36, 46, 47, 48, 49, 50, 51, 52, 53, 54, 55, 56, 57, 58, 59, 61, 62, 63, 65, 66, 67, 76, 77, 79, 127, 128, 129, 130, 131, 132, 133], "summary": {"covered_lines": 37, "num_statements": 93, "percent_covered": 39.784946236559136, "percent_covered_display": "40", "missing_lines": 56, "excluded_lines": 0}, "missing_lines": [60, 64, 68, 69, 70, 71, 72, 73, 74, 75, 78, 80, 83, 84, 85, 86, 87, 88, 89, 90, 91, 92, 93, 94, 95, 96, 97, 98, 99, 100, 101, 102, 103, 104, 105, 106, 107, 108, 109, 110, 111, 112, 113, 114, 115, 116, 117, 118, 119, 120, 121, 122, 123, 124, 125, 126], "excluded_lines": []}, "run_game.deduct": {"executed_lines": [37, 38], "summary": {"covered_lines": 2, "num_statements": 8, "percent_covered": 25.0, "percent_covered_display": "25", "missing_lines": 6, "excluded_lines": 0}, "missing_lines": [39, 40, 41, 42, 43, 44], "excluded_lines": []}, "_parse_host_port": {"executed_lines": [], "summary": {"covered_lines": 0, "num_statements": 17, "percent_covered": 0.0, "percent_covered_display": "0", "missing_lines": 17, "excluded_lines": 0}, "missing_lines": [138, 139, 142, 143, 144, 146, 149, 150, 153, 154, 155, 156, 157, 158, 159, 160, 161], "excluded_lines": []}, "run_network_game": {"executed_lines": [], "summary": {"covered_lines": 0, "num_statements": 57, "percent_covered": 0.0, "percent_covered_display": "0", "missing_lines": 57, "excluded_lines": 0}, "missing_lines": [174, 175, 176, 177, 178, 179, 180, 181, 182, 183, 184, 185, 186, 187, 189, 191, 192, 193, 194, 195, 197, 198, 199, 200, 201, 202, 203, 204, 206, 207, 208, 209, 210, 211, 212, 213, 214, 215, 216, 217, 218, 219, 220, 222, 223, 224, 225, 226, 227, 228, 230, 231, 232, 233, 234, 235, 236], "excluded_lines": []}, "main": {"executed_lines": [], "summary": {"covered_lines": 0, "num_statements": 12, "percent_covered": 0.0, "percent_covered_display": "0", "missing_lines": 12, "excluded_lines": 0}, "missing_lines": [241, 242, 245, 250, 256, 261, 267, 268, 269, 270, 271, 273], "excluded_lines": []}, "": {"executed_lines": [1, 3, 4, 5, 6, 7, 8, 9, 10, 15, 136, 164, 239, 282], "summary": {"covered_lines": 13, "num_statements": 13, "percent_covered": 100.0, "percent_covered_display": "100", "missing_lines": 0, "excluded_lines": 0}, "missing_lines": [], "excluded_lines": []}}, "classes": {"": {"executed_lines": [1, 3, 4, 5, 6, 7, 8, 9, 10, 15, 29, 30, 31, 32, 33, 34, 36, 37, 38, 46, 47, 48, 49, 50, 51, 52, 53, 54, 55, 56, 57, 58, 59, 61, 62, 63, 65, 66, 67, 76, 77, 79, 127, 128, 129, 130, 131, 132, 133, 136, 164, 239, 282], "summary": {"covered_lines": 52, "num_statements": 200, "percent_covered": 26.0, "percent_covered_display": "26", "missing_lines": 148, "excluded_lines": 0}, "missing_lines": [39, 40, 41, 42, 43, 44, 60, 64, 68, 69, 70, 71, 72, 73, 74, 75, 78, 80, 83, 84, 85, 86, 87, 88, 89, 90, 91, 92, 93, 94, 95, 96, 97, 98, 99, 100, 101, 102, 103, 104, 105, 106, 107, 108, 109, 110, 111, 112, 113, 114, 115, 116, 117, 118, 119, 120, 121, 122, 123, 124, 125, 126, 138, 139, 142, 143, 144, 146, 149, 150, 153, 154, 155, 156, 157, 158, 159, 160, 161, 174, 175, 176, 177, 178, 179, 180, 181, 182, 183, 184, 185, 186, 187, 189, 191, 192, 193, 194, 195, 197, 198, 199, 200, 201, 202, 203, 204, 206, 207, 208, 209, 210, 211, 212, 213, 214, 215, 216, 217, 218, 219, 220, 222, 223, 224, 225, 226, 227, 228, 230, 231, 232, 233, 234, 235, 236, 241, 242, 245, 250, 256, 261, 267, 268, 269, 270, 271, 273], "excluded_lines": []}}}, "src/othello/game.py": {"executed_lines": [1, 2, 3, 4, 6, 9, 10, 11, 15, 16, 17, 18, 20, 21, 22, 24, 25, 26, 27, 29, 30, 31, 32, 33, 35, 36, 37, 38, 40, 41, 43, 44, 45, 46, 48, 49, 52, 65, 67, 68, 71, 72, 75, 76, 79, 83, 85, 89, 90, 93, 94, 95, 99, 100, 103, 104, 107, 110, 111, 115, 118, 133, 135, 136, 137, 142, 158, 160, 161, 163, 164, 165, 169, 172, 173, 174, 175], "summary": {"covered_lines": 76, "num_statements": 88, "percent_covered": 86.36363636363636, "percent_covered_display": "86", "missing_lines": 12, "excluded_lines": 0}, "missing_lines": [80, 86, 96, 112, 113, 138, 139, 166, 167, 170, 176, 177], "excluded_lines": [], "functions": {"Game.__post_init__": {"executed_lines": [21, 22], "summary": {"covered_lines": 2, "num_statements": 2, "percent_covered": 100.0, "percent_covered_display": "100", "missing_lines": 0, "excluded_lines": 0}, "missing_lines": [], "excluded_lines": []}, "Game.legal_moves": {"executed_lines": [25, 26, 27], "summary": {"covered_lines": 3, "num_statements": 3, "percent_covered": 100.0, "percent_covered_display": "100", "missing_lines": 0, "excluded_lines": 0}, "missing_lines": [], "excluded_lines": []}, "Game.apply_move": {"executed_lines": [30, 31, 32, 33], "summary": {"covered_lines": 4, "num_statements": 4, "percent_covered": 100.0, "percent_covered_display": "100", "missing_lines": 0, "excluded_lines": 0}, "missing_lines": [], "excluded_lines": []}, "Game.undo": {"executed_lines": [36, 37, 38, 40, 41], "summary": {"covered_lines": 5, "num_statements": 5, "percent_covered": 100.0, "percent_covered_display": "100", "missing_lines": 0, "excluded_lines": 0}, "missing_lines": [], "excluded_lines": []}, "Game.redo": {"executed_lines": [44, 45, 46, 48, 49], "summary": {"covered_lines": 5, "num_statements": 5, "percent_covered": 100.0, "percent_covered_display": "100", "missing_lines": 0, "excluded_lines": 0}, "missing_lines": [], "excluded_lines": []}, "_validate_save_path": {"executed_lines": [65, 67, 68, 71, 72, 75, 76, 79, 83, 85, 89, 90, 93, 94, 95, 99, 100, 103, 104, 107, 110, 111, 115], "summary": {"covered_lines": 23, "num_statements": 28, "percent_covered": 82.14285714285714, "percent_covered_display": "82", "missing_lines": 5, "excluded_lines": 0}, "missing_lines": [80, 86, 96, 112, 113], "excluded_lines": []}, "save_state": {"executed_lines": [133, 135, 136, 137], "summary": {"covered_lines": 4, "num_statements": 6, "percent_covered": 66.66666666666667, "percent_covered_display": "67", "missing_lines": 2, "excluded_lines": 0}, "missing_lines": [138, 139], "excluded_lines": []}, "load_state": {"executed_lines": [158, 160, 161, 163, 164, 165, 169, 172, 173, 174, 175], "summary": {"covered_lines": 11, "num_statements": 16, "percent_covered": 68.75, "percent_covered_display": "69", "missing_lines": 5, "excluded_lines": 0}, "missing_lines": [166, 167, 170, 176, 177], "excluded_lines": []}, "": {"executed_lines": [1, 2, 3, 4, 6, 9, 10, 11, 15, 16, 17, 18, 20, 24, 29, 35, 43, 52, 118, 142], "summary": {"covered_lines": 19, "num_statements": 19, "percent_covered": 100.0, "percent_covered_display": "100", "missing_lines": 0, "excluded_lines": 0}, "missing_lines": [], "excluded_lines": []}}, "classes": {"Game": {"executed_lines": [21, 22, 25, 26, 27, 30, 31, 32, 33, 36, 37, 38, 40, 41, 44, 45, 46, 48, 49], "summary": {"covered_lines": 19, "num_statements": 19, "percent_covered": 100.0, "percent_covered_display": "100", "missing_lines": 0, "excluded_lines": 0}, "missing_lines": [], "excluded_lines": []}, "": {"executed_lines": [1, 2, 3, 4, 6, 9, 10, 11, 15, 16, 17, 18, 20, 24, 29, 35, 43, 52, 65, 67, 68, 71, 72, 75, 76, 79, 83, 85, 89, 90, 93, 94, 95, 99, 100, 103, 104, 107, 110, 111, 115, 118, 133, 135, 136, 137, 142, 158, 160, 161, 163, 164, 165, 169, 172, 173, 174, 175], "summary": {"covered_lines": 57, "num_statements": 69, "percent_covered": 82.6086956521739, "percent_covered_display": "83", "missing_lines": 12, "excluded_lines": 0}, "missing_lines": [80, 86, 96, 112, 113, 138, 139, 166, 167, 170, 176, 177], "excluded_lines": []}}}, "src/othello/gui.py": {"executed_lines": [], "summary": {"covered_lines": 0, "num_statements": 115, "percent_covered": 0.0, "percent_covered_display": "0", "missing_lines": 115, "excluded_lines": 0}, "missing_lines": [7, 8, 9, 12, 13, 14, 15, 16, 18, 19, 20, 21, 22, 23, 25, 27, 28, 29, 30, 31, 32, 33, 34, 35, 36, 37, 38, 39, 40, 41, 42, 43, 44, 46, 47, 48, 49, 50, 51, 52, 53, 54, 55, 56, 57, 58, 59, 61, 65, 66, 67, 68, 70, 72, 73, 74, 75, 76, 77, 78, 79, 80, 81, 82, 84, 85, 86, 87, 88, 89, 90, 91, 92, 93, 94, 95, 96, 99, 100, 102, 103, 104, 105, 106, 107, 108, 109, 113, 114, 115, 119, 120, 121, 122, 129, 130, 131, 132, 133, 134, 135, 136, 138, 139, 142, 144, 147, 149, 150, 153, 159, 165, 166, 170, 171], "excluded_lines": [], "functions": {"OthelloGUI.__init__": {"executed_lines": [], "summary": {"covered_lines": 0, "num_statements": 16, "percent_covered": 0.0, "percent_covered_display": "0", "missing_lines": 16, "excluded_lines": 0}, "missing_lines": [29, 30, 31, 32, 33, 34, 35, 36, 37, 38, 39, 40, 41, 42, 43, 44], "excluded_lines": []}, "OthelloGUI.draw_board": {"executed_lines": [], "summary": {"covered_lines": 0, "num_statements": 18, "percent_covered": 0.0, "percent_covered_display": "0", "missing_lines": 18, "excluded_lines": 0}, "missing_lines": [47, 48, 49, 50, 51, 52, 53, 54, 55, 56, 57, 58, 59, 61, 65, 66, 67, 68], "excluded_lines": []}, "OthelloGUI.get_legal_moves": {"executed_lines": [], "summary": {"covered_lines": 0, "num_statements": 11, "percent_covered": 0.0, "percent_covered_display": "0", "missing_lines": 11, "excluded_lines": 0}, "missing_lines": [72, 73, 74, 75, 76, 77, 78, 79, 80, 81, 82], "excluded_lines": []}, "OthelloGUI.handle_click": {"executed_lines": [], "summary": {"covered_lines": 0, "num_statements": 14, "percent_covered": 0.0, "percent_covered_display": "0", "missing_lines": 14, "excluded_lines": 0}, "missing_lines": [85, 86, 87, 88, 89, 90, 91, 92, 93, 94, 95, 96, 99, 100], "excluded_lines": []}, "OthelloGUI.after_move": {"executed_lines": [], "summary": {"covered_lines": 0, "num_statements": 22, "percent_covered": 0.0, "percent_covered_display": "0", "missing_lines": 22, "excluded_lines": 0}, "missing_lines": [103, 104, 105, 106, 107, 108, 109, 113, 114, 115, 119, 120, 121, 122, 129, 130, 131, 132, 133, 134, 135, 136], "excluded_lines": []}, "OthelloGUI.run": {"executed_lines": [], "summary": {"covered_lines": 0, "num_statements": 1, "percent_covered": 0.0, "percent_covered_display": "0", "missing_lines": 1, "excluded_lines": 0}, "missing_lines": [139], "excluded_lines": []}, "play_gui": {"executed_lines": [], "summary": {"covered_lines": 0, "num_statements": 1, "percent_covered": 0.0, "percent_covered_display": "0", "missing_lines": 1, "excluded_lines": 0}, "missing_lines": [144], "excluded_lines": []}, "main": {"executed_lines": [], "summary": {"covered_lines": 0, "num_statements": 6, "percent_covered": 0.0, "percent_covered_display": "0", "missing_lines": 6, "excluded_lines": 0}, "missing_lines": [149, 150, 153, 159, 165, 166], "excluded_lines": []}, "": {"executed_lines": [], "summary": {"covered_lines": 0, "num_statements": 26, "percent_covered": 0.0, "percent_covered_display": "0", "missing_lines": 26, "excluded_lines": 0}, "missing_lines": [7, 8, 9, 12, 13, 14, 15, 16, 18, 19, 20, 21, 22, 23, 25, 27, 28, 46, 70, 84, 102, 138, 142, 147, 170, 171], "excluded_lines": []}}, "classes": {"OthelloGUI": {"executed_lines": [], "summary": {"covered_lines": 0, "num_statements": 82, "percent_covered": 0.0, "percent_covered_display": "0", "missing_lines": 82, "excluded_lines": 0}, "missing_lines": [29, 30, 31, 32, 33, 34, 35, 36, 37, 38, 39, 40, 41, 42, 43, 44, 47, 48, 49, 50, 51, 52, 53, 54, 55, 56, 57, 58, 59, 61, 65, 66, 67, 68, 72, 73, 74, 75, 76, 77, 78, 79, 80, 81, 82, 85, 86, 87, 88, 89, 90, 91, 92, 93, 94, 95, 96, 99, 100, 103, 104, 105, 106, 107, 108, 109, 113, 114, 115, 119, 120, 121, 122, 129, 130, 131, 132, 133, 134, 135, 136, 139], "excluded_lines": []}, "": {"executed_lines": [], "summary": {"covered_lines": 0, "num_statements": 33, "percent_covered": 0.0, "percent_covered_display": "0", "missing_lines": 33, "excluded_lines": 0}, "missing_lines": [7, 8, 9, 12, 13, 14, 15, 16, 18, 19, 20, 21, 22, 23, 25, 27, 28, 46, 70, 84, 102, 138, 142, 144, 147, 149, 150, 153, 159, 165, 166, 170, 171], "excluded_lines": []}}}, "src/othello/network.py": {"executed_lines": [1, 21, 22, 23, 26, 29, 82, 128, 140, 142, 146, 149, 150, 159, 170, 171, 172, 174, 177, 178, 180, 183, 186, 189], "summary": {"covered_lines": 23, "num_statements": 107, "percent_covered": 21.49532710280374, "percent_covered_display": "21", "missing_lines": 84, "excluded_lines": 0}, "missing_lines": [43, 44, 45, 46, 47, 48, 49, 51, 52, 53, 54, 55, 56, 57, 60, 61, 62, 63, 64, 65, 66, 67, 68, 69, 70, 71, 72, 73, 74, 75, 76, 77, 78, 79, 96, 97, 98, 99, 100, 101, 102, 103, 104, 107, 108, 109, 110, 111, 112, 113, 114, 115, 116, 117, 118, 119, 120, 122, 123, 124, 125, 143, 147, 151, 152, 153, 154, 155, 156, 175, 179, 187, 190, 191, 192, 193, 194, 195, 196, 197, 198, 199, 200, 201], "excluded_lines": [], "functions": {"host_game": {"executed_lines": [], "summary": {"covered_lines": 0, "num_statements": 34, "percent_covered": 0.0, "percent_covered_display": "0", "missing_lines": 34, "excluded_lines": 0}, "missing_lines": [43, 44, 45, 46, 47, 48, 49, 51, 52, 53, 54, 55, 56, 57, 60, 61, 62, 63, 64, 65, 66, 67, 68, 69, 70, 71, 72, 73, 74, 75, 76, 77, 78, 79], "excluded_lines": []}, "join_game": {"executed_lines": [], "summary": {"covered_lines": 0, "num_statements": 27, "percent_covered": 0.0, "percent_covered_display": "0", "missing_lines": 27, "excluded_lines": 0}, "missing_lines": [96, 97, 98, 99, 100, 101, 102, 103, 104, 107, 108, 109, 110, 111, 112, 113, 114, 115, 116, 117, 118, 119, 120, 122, 123, 124, 125], "excluded_lines": []}, "send_line": {"executed_lines": [140, 142, 146, 149, 150], "summary": {"covered_lines": 5, "num_statements": 13, "percent_covered": 38.46153846153846, "percent_covered_display": "38", "missing_lines": 8, "excluded_lines": 0}, "missing_lines": [143, 147, 151, 152, 153, 154, 155, 156], "excluded_lines": []}, "recv_line": {"executed_lines": [170, 171, 172, 174, 177, 178, 180, 183, 186, 189], "summary": {"covered_lines": 10, "num_statements": 25, "percent_covered": 40.0, "percent_covered_display": "40", "missing_lines": 15, "excluded_lines": 0}, "missing_lines": [175, 179, 187, 190, 191, 192, 193, 194, 195, 196, 197, 198, 199, 200, 201], "excluded_lines": []}, "": {"executed_lines": [1, 21, 22, 23, 26, 29, 82, 128, 159], "summary": {"covered_lines": 8, "num_statements": 8, "percent_covered": 100.0, "percent_covered_display": "100", "missing_lines": 0, "excluded_lines": 0}, "missing_lines": [], "excluded_lines": []}}, "classes": {"": {"executed_lines": [1, 21, 22, 23, 26, 29, 82, 128, 140, 142, 146, 149, 150, 159, 170, 171, 172, 174, 177, 178, 180, 183, 186, 189], "summary": {"covered_lines": 23, "num_statements": 107, "percent_covered": 21.49532710280374, "percent_covered_display": "21", "missing_lines": 84, "excluded_lines": 0}, "missing_lines": [43, 44, 45, 46, 47, 48, 49, 51, 52, 53, 54, 55, 56, 57, 60, 61, 62, 63, 64, 65, 66, 67, 68, 69, 70, 71, 72, 73, 74, 75, 76, 77, 78, 79, 96, 97, 98, 99, 100, 101, 102, 103, 104, 107, 108, 109, 110, 111, 112, 113, 114, 115, 116, 117, 118, 119, 120, 122, 123, 124, 125, 143, 147, 151, 152, 153, 154, 155, 156, 175, 179, 187, 190, 191, 192, 193, 194, 195, 196, 197, 198, 199, 200, 201], "excluded_lines": []}}}, "src/othello/scoreboard.py": {"executed_lines": [1, 2, 4, 7, 11, 13, 14, 15, 16, 22, 24, 25, 28, 30, 31, 32, 34, 35, 36, 39, 41], "summary": {"covered_lines": 21, "num_statements": 25, "percent_covered": 84.0, "percent_covered_display": "84", "missing_lines": 4, "excluded_lines": 0}, "missing_lines": [8, 17, 18, 19], "excluded_lines": [], "functions": {"_default_scores": {"executed_lines": [], "summary": {"covered_lines": 0, "num_statements": 1, "percent_covered": 0.0, "percent_covered_display": "0", "missing_lines": 1, "excluded_lines": 0}, "missing_lines": [8], "excluded_lines": []}, "load_scores": {"executed_lines": [13, 14, 15, 16], "summary": {"covered_lines": 4, "num_statements": 7, "percent_covered": 57.142857142857146, "percent_covered_display": "57", "missing_lines": 3, "excluded_lines": 0}, "missing_lines": [17, 18, 19], "excluded_lines": []}, "save_scores": {"executed_lines": [24, 25], "summary": {"covered_lines": 2, "num_statements": 2, "percent_covered": 100.0, "percent_covered_display": "100", "missing_lines": 0, "excluded_lines": 0}, "missing_lines": [], "excluded_lines": []}, "update_scores": {"executed_lines": [30, 31, 32, 34, 35, 36], "summary": {"covered_lines": 6, "num_statements": 6, "percent_covered": 100.0, "percent_covered_display": "100", "missing_lines": 0, "excluded_lines": 0}, "missing_lines": [], "excluded_lines": []}, "format_scores": {"executed_lines": [41], "summary": {"covered_lines": 1, "num_statements": 1, "percent_covered": 100.0, "percent_covered_display": "100", "missing_lines": 0, "excluded_lines": 0}, "missing_lines": [], "excluded_lines": []}, "": {"executed_lines": [1, 2, 4, 7, 11, 22, 28, 39], "summary": {"covered_lines": 8, "num_statements": 8, "percent_covered": 100.0, "percent_covered_display": "100", "missing_lines": 0, "excluded_lines": 0}, "missing_lines": [], "excluded_lines": []}}, "classes": {"": {"executed_lines": [1, 2, 4, 7, 11, 13, 14, 15, 16, 22, 24, 25, 28, 30, 31, 32, 34, 35, 36, 39, 41], "summary": {"covered_lines": 21, "num_statements": 25, "percent_covered": 84.0, "percent_covered_display": "84", "missing_lines": 4, "excluded_lines": 0}, "missing_lines": [8, 17, 18, 19], "excluded_lines": []}}}}, "totals": {"covered_lines": 380, "num_statements": 755, "percent_covered": 50.33112582781457, "percent_covered_display": "50", "missing_lines": 375, "excluded_lines": 0}}